<?xml version="1.0" encoding="UTF-8"?>
<testng-results skipped="0" failed="0" total="1" passed="1">
  <reporter-output>
  </reporter-output>
  <suite name="Default suite" duration-ms="36" started-at="2014-06-18T07:29:10Z" finished-at="2014-06-18T07:29:10Z">
    <groups>
      <group name="lenfuncTest">
        <method signature="InSightTest.loginTest()[pri:0, instance:com.lenses.Tests.InSightTest@1877ab81]" name="loginTest" class="com.lenses.Tests.InSightTest"/>
      </group> <!-- lenfuncTest -->
    </groups>
    <test name="Default test" duration-ms="36" started-at="2014-06-18T07:29:10Z" finished-at="2014-06-18T07:29:10Z">
      <class name="com.lenses.Tests.InSightTest">
        <test-method status="PASS" signature="setup()[pri:0, instance:com.lenses.Tests.InSightTest@1877ab81]" name="setup" is-config="true" duration-ms="13" started-at="2014-06-18T12:59:10Z" finished-at="2014-06-18T12:59:10Z">
          <reporter-output>
          </reporter-output>
        </test-method> <!-- setup -->
        <test-method status="PASS" signature="loginTest()[pri:0, instance:com.lenses.Tests.InSightTest@1877ab81]" name="loginTest" duration-ms="5" started-at="2014-06-18T12:59:10Z" finished-at="2014-06-18T12:59:10Z">
          <reporter-output>
          </reporter-output>
        </test-method> <!-- loginTest -->
        <test-method status="FAIL" signature="tearDown()[pri:0, instance:com.lenses.Tests.InSightTest@1877ab81]" name="tearDown" is-config="true" duration-ms="0" started-at="2014-06-18T12:59:10Z" finished-at="2014-06-18T12:59:10Z">
          <exception class="java.lang.NullPointerException">
            <full-stacktrace>
              <![CDATA[java.lang.NullPointerException
	at com.lenses.Tests.InSightTest.tearDown(InSightTest.java:1797)
	at sun.reflect.NativeMethodAccessorImpl.invoke0(Native Method)
	at sun.reflect.NativeMethodAccessorImpl.invoke(NativeMethodAccessorImpl.java:62)
	at sun.reflect.DelegatingMethodAccessorImpl.invoke(DelegatingMethodAccessorImpl.java:43)
	at java.lang.reflect.Method.invoke(Method.java:483)
	at org.testng.internal.MethodInvocationHelper.invokeMethod(MethodInvocationHelper.java:84)
	at org.testng.internal.Invoker.invokeConfigurationMethod(Invoker.java:564)
	at org.testng.internal.Invoker.invokeConfigurations(Invoker.java:213)
	at org.testng.internal.Invoker.invokeMethod(Invoker.java:786)
	at org.testng.internal.Invoker.invokeTestMethod(Invoker.java:901)
	at org.testng.internal.Invoker.invokeTestMethods(Invoker.java:1231)
	at org.testng.internal.TestMethodWorker.invokeTestMethods(TestMethodWorker.java:127)
	at org.testng.internal.TestMethodWorker.run(TestMethodWorker.java:111)
	at org.testng.TestRunner.privateRun(TestRunner.java:767)
	at org.testng.TestRunner.run(TestRunner.java:617)
	at org.testng.SuiteRunner.runTest(SuiteRunner.java:334)
	at org.testng.SuiteRunner.runSequentially(SuiteRunner.java:329)
	at org.testng.SuiteRunner.privateRun(SuiteRunner.java:291)
	at org.testng.SuiteRunner.run(SuiteRunner.java:240)
	at org.testng.SuiteRunnerWorker.runSuite(SuiteRunnerWorker.java:52)
	at org.testng.SuiteRunnerWorker.run(SuiteRunnerWorker.java:86)
	at org.testng.TestNG.runSuitesSequentially(TestNG.java:1224)
	at org.testng.TestNG.runSuitesLocally(TestNG.java:1149)
	at org.testng.TestNG.run(TestNG.java:1057)
	at org.testng.remote.RemoteTestNG.run(RemoteTestNG.java:111)
	at org.testng.remote.RemoteTestNG.initAndRun(RemoteTestNG.java:204)
	at org.testng.remote.RemoteTestNG.main(RemoteTestNG.java:175)
]]>
            </full-stacktrace>
          </exception> <!-- java.lang.NullPointerException -->
          <reporter-output>
          </reporter-output>
        </test-method> <!-- tearDown -->
      </class> <!-- com.lenses.Tests.InSightTest -->
    </test> <!-- Default test -->
  </suite> <!-- Default suite -->
</testng-results>
